[    0.000000] Initializing cgroup subsys cpuset
[    0.000000] Initializing cgroup subsys cpu
[    0.000000] Initializing cgroup subsys cpuacct
[    0.000000] Linux version 4.4.0-154-generic (buildd@lgw01-amd64-049) (gcc version 5.4.0 20160609 (Ubuntu 5.4.0-6ubuntu1~16.04.10) ) #181-Ubuntu SMP Tue Jun 25 05:29:03 UTC 2019 (Ubuntu 4.4.0-154.181-generic 4.4.179)
[    0.000000] Command line: BOOT_IMAGE=/boot/vmlinuz-4.4.0-154-generic root=LABEL=cloudimg-rootfs ro console=tty1 console=ttyS0
[    0.000000] KERNEL supported cpus:
[    0.000000]   Intel GenuineIntel
[    0.000000]   AMD AuthenticAMD
[    0.000000]   Centaur CentaurHauls
[    0.000000] x86/fpu: xstate_offset[2]:  576, xstate_sizes[2]:  256
[    0.000000] x86/fpu: Supporting XSAVE feature 0x01: 'x87 floating point registers'
[    0.000000] x86/fpu: Supporting XSAVE feature 0x02: 'SSE registers'
[    0.000000] x86/fpu: Supporting XSAVE feature 0x04: 'AVX registers'
[    0.000000] x86/fpu: Enabled xstate features 0x7, context size is 832 bytes, using 'standard' format.
[    0.000000] e820: BIOS-provided physical RAM map:
[    0.000000] BIOS-e820: [mem 0x0000000000000000-0x000000000009fbff] usable
[    0.000000] BIOS-e820: [mem 0x000000000009fc00-0x000000000009ffff] reserved
[    0.000000] BIOS-e820: [mem 0x00000000000f0000-0x00000000000fffff] reserved
[    0.000000] BIOS-e820: [mem 0x0000000000100000-0x000000003ffeffff] usable
[    0.000000] BIOS-e820: [mem 0x000000003fff0000-0x000000003fffffff] ACPI data
[    0.000000] BIOS-e820: [mem 0x00000000fec00000-0x00000000fec00fff] reserved
[    0.000000] BIOS-e820: [mem 0x00000000fee00000-0x00000000fee00fff] reserved
[    0.000000] BIOS-e820: [mem 0x00000000fffc0000-0x00000000ffffffff] reserved
[    0.000000] NX (Execute Disable) protection: active
[    0.000000] SMBIOS 2.5 present.
[    0.000000] Hypervisor detected: KVM
[    0.000000] e820: last_pfn = 0x3fff0 max_arch_pfn = 0x400000000
[    0.000000] MTRR: Disabled
[    0.000000] x86/PAT: MTRRs disabled, skipping PAT initialization too.
[    0.000000] CPU MTRRs all blank - virtualized system.
[    0.000000] x86/PAT: Configuration [0-7]: WB  WT  UC- UC  WB  WT  UC- UC  
[    0.000000] found SMP MP-table at [mem 0x0009fff0-0x0009ffff] mapped at [ffff88000009fff0]
[    0.000000] Scanning 1 areas for low memory corruption
[    0.000000] RAMDISK: [mem 0x362fa000-0x37174fff]
[    0.000000] ACPI: Early table checksum verification disabled
[    0.000000] ACPI: RSDP 0x00000000000E0000 000024 (v02 VBOX  )
[    0.000000] ACPI: XSDT 0x000000003FFF0030 00003C (v01 VBOX   VBOXXSDT 00000001 ASL  00000061)
[    0.000000] ACPI: FACP 0x000000003FFF00F0 0000F4 (v04 VBOX   VBOXFACP 00000001 ASL  00000061)
[    0.000000] ACPI: DSDT 0x000000003FFF0470 0022EA (v02 VBOX   VBOXBIOS 00000002 INTL 20100528)
[    0.000000] ACPI: FACS 0x000000003FFF0200 000040
[    0.000000] ACPI: FACS 0x000000003FFF0200 000040
[    0.000000] ACPI: APIC 0x000000003FFF0240 00005C (v02 VBOX   VBOXAPIC 00000001 ASL  00000061)
[    0.000000] ACPI: SSDT 0x000000003FFF02A0 0001CC (v01 VBOX   VBOXCPUT 00000002 INTL 20100528)
[    0.000000] No NUMA configuration found
[    0.000000] Faking a node at [mem 0x0000000000000000-0x000000003ffeffff]
[    0.000000] NODE_DATA(0) allocated [mem 0x3ffeb000-0x3ffeffff]
[    0.000000] kvm-clock: Using msrs 4b564d01 and 4b564d00
[    0.000000] kvm-clock: cpu 0, msr 0:3ffe3001, primary cpu clock
[    0.000000] kvm-clock: using sched offset of 4159627421 cycles
[    0.000000] clocksource: kvm-clock: mask: 0xffffffffffffffff max_cycles: 0x1cd42e4dffb, max_idle_ns: 881590591483 ns
[    0.000000] Zone ranges:
[    0.000000]   DMA      [mem 0x0000000000001000-0x0000000000ffffff]
[    0.000000]   DMA32    [mem 0x0000000001000000-0x000000003ffeffff]
[    0.000000]   Normal   empty
[    0.000000]   Device   empty
[    0.000000] Movable zone start for each node
[    0.000000] Early memory node ranges
[    0.000000]   node   0: [mem 0x0000000000001000-0x000000000009efff]
[    0.000000]   node   0: [mem 0x0000000000100000-0x000000003ffeffff]
[    0.000000] Initmem setup node 0 [mem 0x0000000000001000-0x000000003ffeffff]
[    0.000000] ACPI: PM-Timer IO Port: 0x4008
[    0.000000] IOAPIC[0]: apic_id 2, version 32, address 0xfec00000, GSI 0-23
[    0.000000] ACPI: INT_SRC_OVR (bus 0 bus_irq 0 global_irq 2 dfl dfl)
[    0.000000] ACPI: INT_SRC_OVR (bus 0 bus_irq 9 global_irq 9 low level)
[    0.000000] Using ACPI (MADT) for SMP configuration information
[    0.000000] smpboot: Allowing 2 CPUs, 0 hotplug CPUs
[    0.000000] PM: Registered nosave memory: [mem 0x00000000-0x00000fff]
[    0.000000] PM: Registered nosave memory: [mem 0x0009f000-0x0009ffff]
[    0.000000] PM: Registered nosave memory: [mem 0x000a0000-0x000effff]
[    0.000000] PM: Registered nosave memory: [mem 0x000f0000-0x000fffff]
[    0.000000] e820: [mem 0x40000000-0xfebfffff] available for PCI devices
[    0.000000] Booting paravirtualized kernel on KVM
[    0.000000] clocksource: refined-jiffies: mask: 0xffffffff max_cycles: 0xffffffff, max_idle_ns: 7645519600211568 ns
[    0.000000] setup_percpu: NR_CPUS:512 nr_cpumask_bits:512 nr_cpu_ids:2 nr_node_ids:1
[    0.000000] PERCPU: Embedded 34 pages/cpu @ffff88003fc00000 s99480 r8192 d31592 u1048576
[    0.000000] Built 1 zonelists in Node order, mobility grouping on.  Total pages: 257912
[    0.000000] Policy zone: DMA32
[    0.000000] Kernel command line: BOOT_IMAGE=/boot/vmlinuz-4.4.0-154-generic root=LABEL=cloudimg-rootfs ro console=tty1 console=ttyS0
[    0.000000] PID hash table entries: 4096 (order: 3, 32768 bytes)
[    0.000000] Memory: 997732K/1048120K available (8613K kernel code, 1335K rwdata, 4028K rodata, 1484K init, 1284K bss, 50388K reserved, 0K cma-reserved)
[    0.000000] SLUB: HWalign=64, Order=0-3, MinObjects=0, CPUs=2, Nodes=1
[    0.000000] Kernel/User page tables isolation: enabled
[    0.000000] Hierarchical RCU implementation.
[    0.000000] 	Build-time adjustment of leaf fanout to 64.
[    0.000000] 	RCU restricting CPUs from NR_CPUS=512 to nr_cpu_ids=2.
[    0.000000] RCU: Adjusting geometry for rcu_fanout_leaf=64, nr_cpu_ids=2
[    0.000000] NR_IRQS:33024 nr_irqs:440 16
[    0.000000] Console: colour VGA+ 80x25
[    0.000000] console [tty1] enabled
[    0.000000] console [ttyS0] enabled
[    0.000000] tsc: Detected 2592.000 MHz processor
[    0.344066] Calibrating delay loop (skipped) preset value.. 5184.00 BogoMIPS (lpj=10368000)
[    0.347403] pid_max: default: 32768 minimum: 301
[    0.349041] ACPI: Core revision 20150930
[    0.354147] ACPI: 2 ACPI AML tables successfully acquired and loaded
[    0.356878] Security Framework initialized
[    0.358479] Yama: becoming mindful.
[    0.360120] AppArmor: AppArmor initialized
[    0.362372] Dentry cache hash table entries: 131072 (order: 8, 1048576 bytes)
[    0.375444] Inode-cache hash table entries: 65536 (order: 7, 524288 bytes)
[    0.379022] Mount-cache hash table entries: 2048 (order: 2, 16384 bytes)
[    0.382527] Mountpoint-cache hash table entries: 2048 (order: 2, 16384 bytes)
[    0.386428] Initializing cgroup subsys io
[    0.388749] Initializing cgroup subsys memory
[    0.391220] Initializing cgroup subsys devices
[    0.393589] Initializing cgroup subsys freezer
[    0.396010] Initializing cgroup subsys net_cls
[    0.398409] Initializing cgroup subsys perf_event
[    0.401180] Initializing cgroup subsys net_prio
[    0.403776] Initializing cgroup subsys hugetlb
[    0.406108] Initializing cgroup subsys pids
[    0.408836] mce: CPU supports 0 MCE banks
[    0.410044] Last level iTLB entries: 4KB 64, 2MB 8, 4MB 8
[    0.411507] Last level dTLB entries: 4KB 64, 2MB 0, 4MB 0, 1GB 4
[    0.413315] Spectre V2 : Mitigation: Full generic retpoline
[    0.416199] Spectre V2 : Spectre v2 / SpectreRSB mitigation: Filling RSB on context switch
[    0.418564] Speculative Store Bypass: Vulnerable
[    0.420201] MDS: Vulnerable: Clear CPU buffers attempted, no microcode
[    0.427306] Freeing SMP alternatives memory: 36K
[    0.437388] ftrace: allocating 32299 entries in 127 pages
[    0.561324] smpboot: APIC(0) Converting physical 0 to logical package 0
[    0.564798] smpboot: Max logical packages: 1
[    0.568036] x2apic enabled
[    0.570532] Switched APIC routing to physical x2apic.
[    0.576398] ..TIMER: vector=0x30 apic1=0 pin1=2 apic2=-1 pin2=-1
[    0.687089] smpboot: CPU0: Intel(R) Core(TM) i7-9750H CPU @ 2.60GHz (family: 0x6, model: 0x9e, stepping: 0xa)
[    0.692988] Performance Events: unsupported p6 CPU model 158 no PMU driver, software events only.
[    0.719027] KVM setup paravirtual spinlock
[    0.722705] x86: Booting SMP configuration:
[    0.725030] .... node  #0, CPUs:      #1
[    0.727395] kvm-clock: cpu 1, msr 0:3ffe3041, secondary cpu clock
[    0.731422] mce: CPU supports 0 MCE banks
[    0.734845] x86: Booted up 1 node, 2 CPUs
[    0.737786] smpboot: Total of 2 processors activated (10368.00 BogoMIPS)
[    0.742232] devtmpfs: initialized
[    0.747244] evm: security.selinux
[    0.748704] evm: security.SMACK64
[    0.750162] evm: security.SMACK64EXEC
[    0.751842] evm: security.SMACK64TRANSMUTE
[    0.753592] evm: security.SMACK64MMAP
[    0.755710] evm: security.ima
[    0.757593] evm: security.capability
[    0.760255] clocksource: jiffies: mask: 0xffffffff max_cycles: 0xffffffff, max_idle_ns: 7645041785100000 ns
[    0.765405] futex hash table entries: 512 (order: 3, 32768 bytes)
[    0.768936] pinctrl core: initialized pinctrl subsystem
[    0.772046] RTC time: 18:34:47, date: 08/06/19
[    0.774899] NET: Registered protocol family 16
[    0.786669] cpuidle: using governor ladder
[    0.799495] cpuidle: using governor menu
[    0.801794] PCCT header not found.
[    0.804143] ACPI: bus type PCI registered
[    0.806458] acpiphp: ACPI Hot Plug PCI Controller Driver version: 0.5
[    0.810167] PCI: Using configuration type 1 for base access
[    0.829400] ACPI: Added _OSI(Module Device)
[    0.832659] ACPI: Added _OSI(Processor Device)
[    0.835772] ACPI: Added _OSI(3.0 _SCP Extensions)
[    0.838968] ACPI: Added _OSI(Processor Aggregator Device)
[    0.844395] ACPI: Executed 1 blocks of module-level executable AML code
[    0.855555] ACPI: Interpreter enabled
[    0.858315] ACPI: (supports S0 S5)
[    0.860796] ACPI: Using IOAPIC for interrupt routing
[    0.864670] PCI: Using host bridge windows from ACPI; if necessary, use "pci=nocrs" and report a bug
[    0.881612] ACPI: PCI Root Bridge [PCI0] (domain 0000 [bus 00-ff])
[    0.887241] acpi PNP0A03:00: _OSC: OS supports [ASPM ClockPM Segments MSI]
[    0.892712] acpi PNP0A03:00: _OSC: not requesting OS control; OS requires [ExtendedConfig ASPM ClockPM MSI]
[    0.899267] acpi PNP0A03:00: fail to add MMCONFIG information, can't access extended PCI configuration space under this bridge.
[    0.907382] PCI host bridge to bus 0000:00
[    0.910252] pci_bus 0000:00: root bus resource [io  0x0000-0x0cf7 window]
[    0.913482] pci_bus 0000:00: root bus resource [io  0x0d00-0xffff window]
[    0.916838] pci_bus 0000:00: root bus resource [mem 0x000a0000-0x000bffff window]
[    0.921150] pci_bus 0000:00: root bus resource [mem 0x40000000-0xfdffffff window]
[    0.925388] pci_bus 0000:00: root bus resource [bus 00-ff]
[    0.932615] pci 0000:00:01.1: legacy IDE quirk: reg 0x10: [io  0x01f0-0x01f7]
[    0.935978] pci 0000:00:01.1: legacy IDE quirk: reg 0x14: [io  0x03f6]
[    0.939205] pci 0000:00:01.1: legacy IDE quirk: reg 0x18: [io  0x0170-0x0177]
[    0.942870] pci 0000:00:01.1: legacy IDE quirk: reg 0x1c: [io  0x0376]
[    0.976752] pci 0000:00:07.0: quirk: [io  0x4000-0x403f] claimed by PIIX4 ACPI
[    1.010998] pci 0000:00:07.0: quirk: [io  0x4100-0x410f] claimed by PIIX4 SMB
[    1.024224] ACPI: PCI Interrupt Link [LNKA] (IRQs 5 9 10 *11)
[    1.028717] ACPI: PCI Interrupt Link [LNKB] (IRQs 5 9 *10 11)
[    1.032833] ACPI: PCI Interrupt Link [LNKC] (IRQs 5 *9 10 11)
[    1.037035] ACPI: PCI Interrupt Link [LNKD] (IRQs 5 9 10 *11)
[    1.041459] ACPI: Enabled 2 GPEs in block 00 to 07
[    1.044929] vgaarb: setting as boot device: PCI:0000:00:02.0
[    1.047847] vgaarb: device added: PCI:0000:00:02.0,decodes=io+mem,owns=io+mem,locks=none
[    1.052536] vgaarb: loaded
[    1.054296] vgaarb: bridge control possible 0000:00:02.0
[    1.057592] SCSI subsystem initialized
[    1.060147] ACPI: bus type USB registered
[    1.062453] usbcore: registered new interface driver usbfs
[    1.065330] usbcore: registered new interface driver hub
[    1.068159] usbcore: registered new device driver usb
[    1.071474] PCI: Using ACPI for IRQ routing
[    1.074565] NetLabel: Initializing
[    1.076705] NetLabel:  domain hash size = 128
[    1.079077] NetLabel:  protocols = UNLABELED CIPSOv4
[    1.089067] NetLabel:  unlabeled traffic allowed by default
[    1.092453] amd_nb: Cannot enumerate AMD northbridges
[    1.095258] clocksource: Switched to clocksource kvm-clock
[    1.126227] AppArmor: AppArmor Filesystem Enabled
[    1.128948] pnp: PnP ACPI init
[    1.132720] pnp: PnP ACPI: found 3 devices
[    1.156862] clocksource: acpi_pm: mask: 0xffffff max_cycles: 0xffffff, max_idle_ns: 2085701024 ns
[    1.161706] NET: Registered protocol family 2
[    1.164474] TCP established hash table entries: 8192 (order: 4, 65536 bytes)
[    1.168074] TCP bind hash table entries: 8192 (order: 5, 131072 bytes)
[    1.171270] TCP: Hash tables configured (established 8192 bind 8192)
[    1.174581] UDP hash table entries: 512 (order: 2, 16384 bytes)
[    1.177723] UDP-Lite hash table entries: 512 (order: 2, 16384 bytes)
[    1.181060] NET: Registered protocol family 1
[    1.183462] pci 0000:00:00.0: Limiting direct PCI/PCI transfers
[    1.186541] pci 0000:00:01.0: Activating ISA DMA hang workarounds
[    1.192197] Unpacking initramfs...
[    1.706968] Freeing initrd memory: 14828K
[    1.709430] clocksource: tsc: mask: 0xffffffffffffffff max_cycles: 0x255cb6cc5db, max_idle_ns: 440795203504 ns
[    1.714707] platform rtc_cmos: registered platform RTC device (no PNP device found)
[    1.719178] Scanning for low memory corruption every 60 seconds
[    1.722582] audit: initializing netlink subsys (disabled)
[    1.725143] audit: type=2000 audit(1565116494.191:1): initialized
[    1.728768] Initialise system trusted keyring
[    1.731491] HugeTLB registered 2 MB page size, pre-allocated 0 pages
[    1.736839] zbud: loaded
[    1.739148] VFS: Disk quotas dquot_6.6.0
[    1.740943] VFS: Dquot-cache hash table entries: 512 (order 0, 4096 bytes)
[    1.742888] squashfs: version 4.0 (2009/01/31) Phillip Lougher
[    1.746126] fuse init (API version 7.23)
[    1.747510] Key type big_key registered
[    1.748798] Allocating IMA MOK and blacklist keyrings.
[    1.753551] Key type asymmetric registered
[    1.754897] Asymmetric key parser 'x509' registered
[    1.756755] Block layer SCSI generic (bsg) driver version 0.4 loaded (major 249)
[    1.759492] io scheduler noop registered
[    1.760867] io scheduler deadline registered (default)
[    1.762763] io scheduler cfq registered
[    1.764237] pci_hotplug: PCI Hot Plug PCI Core version: 0.5
[    1.765838] pciehp: PCI Express Hot Plug Controller Driver version: 0.4
[    1.768063] ACPI: AC Adapter [AC] (off-line)
[    1.769836] input: Power Button as /devices/LNXSYSTM:00/LNXPWRBN:00/input/input0
[    1.772282] ACPI: Power Button [PWRF]
[    1.773589] input: Sleep Button as /devices/LNXSYSTM:00/LNXSLPBN:00/input/input1
[    1.776038] ACPI: Sleep Button [SLPF]
[    1.777731] GHES: HEST is not enabled!
[    1.778642] ACPI: Battery Slot [BAT0] (battery present)
[    1.781167] Serial: 8250/16550 driver, 32 ports, IRQ sharing enabled
[    1.804656] 00:02: ttyS0 at I/O 0x3f8 (irq = 4, base_baud = 115200) is a 16550A
[    1.817915] Linux agpgart interface v0.103
[    1.825180] loop: module loaded
[    1.828737] scsi host0: ata_piix
[    1.831226] scsi host1: ata_piix
[    1.833378] ata1: PATA max UDMA/33 cmd 0x1f0 ctl 0x3f6 bmdma 0xd000 irq 14
[    1.836896] ata2: PATA max UDMA/33 cmd 0x170 ctl 0x376 bmdma 0xd008 irq 15
[    1.839643] libphy: Fixed MDIO Bus: probed
[    1.841250] tun: Universal TUN/TAP device driver, 1.6
[    1.843030] tun: (C) 1999-2004 Max Krasnyansky <maxk@qualcomm.com>
[    1.845094] PPP generic driver version 2.4.2
[    1.847734] ehci_hcd: USB 2.0 'Enhanced' Host Controller (EHCI) Driver
[    1.851315] ehci-pci: EHCI PCI platform driver
[    1.853799] ehci-platform: EHCI generic platform driver
[    1.856696] ohci_hcd: USB 1.1 'Open' Host Controller (OHCI) Driver
[    1.859867] ohci-pci: OHCI PCI platform driver
[    1.863620] ohci-pci 0000:00:06.0: OHCI PCI host controller
[    1.866465] ohci-pci 0000:00:06.0: new USB bus registered, assigned bus number 1
[    1.871006] ohci-pci 0000:00:06.0: irq 22, io mem 0xf0804000
[    1.929029] usb usb1: New USB device found, idVendor=1d6b, idProduct=0001
[    1.932500] usb usb1: New USB device strings: Mfr=3, Product=2, SerialNumber=1
[    1.936974] usb usb1: Product: OHCI PCI host controller
[    1.939742] usb usb1: Manufacturer: Linux 4.4.0-154-generic ohci_hcd
[    1.943112] usb usb1: SerialNumber: 0000:00:06.0
[    1.946140] hub 1-0:1.0: USB hub found
[    1.948566] hub 1-0:1.0: 12 ports detected
[    1.951809] ohci-platform: OHCI generic platform driver
[    1.954612] uhci_hcd: USB Universal Host Controller Interface driver
[    1.958005] i8042: PNP: PS/2 Controller [PNP0303:PS2K,PNP0f03:PS2M] at 0x60,0x64 irq 1,12
[    1.963644] serio: i8042 KBD port at 0x60,0x64 irq 1
[    1.966411] serio: i8042 AUX port at 0x60,0x64 irq 12
[    1.969844] mousedev: PS/2 mouse device common for all mice
[    1.973891] input: AT Translated Set 2 keyboard as /devices/platform/i8042/serio0/input/input2
[    1.979750] rtc_cmos rtc_cmos: rtc core: registered rtc_cmos as rtc0
[    1.983093] rtc_cmos rtc_cmos: alarms up to one day, 114 bytes nvram
[    1.986347] i2c /dev entries driver
[    1.988600] device-mapper: uevent: version 1.0.3
[    1.991475] device-mapper: ioctl: 4.34.0-ioctl (2015-10-28) initialised: dm-devel@redhat.com
[    1.996257] ledtrig-cpu: registered to indicate activity on CPUs
[    2.001017] NET: Registered protocol family 10
[    2.004234] NET: Registered protocol family 17
[    2.006697] Key type dns_resolver registered
[    2.010691] registered taskstats version 1
[    2.013089] Loading compiled-in X.509 certificates
[    2.016885] Loaded X.509 cert 'Build time autogenerated kernel key: 65139e04a67245b562a838c28b5e7032abdd4348'
[    2.022182] zswap: loaded using pool lzo/zbud
[    2.028447] Key type trusted registered
[    2.037131] Key type encrypted registered
[    2.039157] AppArmor: AppArmor sha1 policy hashing enabled
[    2.041891] ima: No TPM chip found, activating TPM-bypass!
[    2.044719] ima: Allocated hash algorithm: sha1
[    2.047147] evm: HMAC attrs: 0x1
[    2.049954]   Magic number: 15:401:594
[    2.053544] rtc_cmos rtc_cmos: setting system clock to 2019-08-06 18:34:49 UTC (1565116489)
[    2.058566] BIOS EDD facility v0.16 2004-Jun-25, 0 devices found
[    2.062070] EDD information not available.
[    2.066813] Freeing unused kernel memory: 1484K
[    2.079852] Write protecting the kernel read-only data: 14336k
[    2.083948] Freeing unused kernel memory: 1616K
[    2.086835] Freeing unused kernel memory: 68K
Loading, please wait...
starting version 229
[    2.117572] random: systemd-udevd: uninitialized urandom read (16 bytes read, 5 bits of entropy available)
[    2.118799] random: udevadm: uninitialized urandom read (16 bytes read, 5 bits of entropy available)
[    2.118833] random: udevadm: uninitialized urandom read (16 bytes read, 5 bits of entropy available)
[    2.132541] random: systemd-udevd: uninitialized urandom read (16 bytes read, 5 bits of entropy available)
[    2.136359] random: udevadm: uninitialized urandom read (16 bytes read, 5 bits of entropy available)
[    2.136447] random: udevadm: uninitialized urandom read (16 bytes read, 5 bits of entropy available)
[    2.136761] random: udevadm: uninitialized urandom read (16 bytes read, 5 bits of entropy available)
[    2.136867] random: udevadm: uninitialized urandom read (16 bytes read, 5 bits of entropy available)
[    2.136969] random: udevadm: uninitialized urandom read (16 bytes read, 5 bits of entropy available)
[    2.137073] random: udevadm: uninitialized urandom read (16 bytes read, 5 bits of entropy available)
[    2.217657] e1000: Intel(R) PRO/1000 Network Driver - version 7.3.21-k8-NAPI
[    2.220410] e1000: Copyright (c) 1999-2006 Intel Corporation.
[    2.222326] Fusion MPT base driver 3.04.20
[    2.223912] Copyright (c) 1999-2008 LSI Corporation
[    2.232340] Fusion MPT SPI Host driver 3.04.20
[    2.259075] AVX2 version of gcm_enc/dec engaged.
[    2.261212] AES CTR mode by8 optimization enabled
[    2.438621] input: ImExPS/2 Generic Explorer Mouse as /devices/platform/i8042/serio1/input/input4
[    2.709654] e1000 0000:00:03.0 eth0: (PCI:33MHz:32-bit) 02:1e:e5:6d:71:21
[    2.711524] e1000 0000:00:03.0 eth0: Intel(R) PRO/1000 Network Connection
[    2.714294] mptbase: ioc0: Initiating bringup
[    2.716441] e1000 0000:00:03.0 enp0s3: renamed from eth0
[    2.776298] ioc0: LSI53C1030 A0: Capabilities={Initiator}
[    2.948098] scsi host2: ioc0: LSI53C1030 A0, FwRev=00000000h, Ports=1, MaxQ=256, IRQ=20
[    3.072614] scsi 2:0:0:0: Direct-Access     VBOX     HARDDISK         1.0  PQ: 0 ANSI: 5
[    3.097290] scsi target2:0:0: Beginning Domain Validation
[    3.108542] scsi target2:0:0: Domain Validation skipping write tests
[    3.112543] scsi target2:0:0: Ending Domain Validation
[    3.116382] scsi target2:0:0: asynchronous
[    3.121741] scsi 2:0:1:0: Direct-Access     VBOX     HARDDISK         1.0  PQ: 0 ANSI: 5
[    3.127350] scsi target2:0:1: Beginning Domain Validation
[    3.137907] scsi target2:0:1: Domain Validation skipping write tests
[    3.142065] scsi target2:0:1: Ending Domain Validation
[    3.145915] scsi target2:0:1: asynchronous
[    3.181459] sd 2:0:0:0: Attached scsi generic sg0 type 0
[    3.185536] sd 2:0:0:0: [sda] 20971520 512-byte logical blocks: (10.7 GB/10.0 GiB)
[    3.191529] sd 2:0:1:0: Attached scsi generic sg1 type 0
[    3.195395] sd 2:0:1:0: [sdb] 20480 512-byte logical blocks: (10.5 MB/10.0 MiB)
[    3.200622] sd 2:0:0:0: [sda] Write Protect is off
[    3.204860] sd 2:0:1:0: [sdb] Write Protect is off
[    3.208078] sd 2:0:0:0: [sda] Incomplete mode parameter data
[    3.212195] sd 2:0:0:0: [sda] Assuming drive cache: write through
[    3.212624] sd 2:0:1:0: [sdb] Incomplete mode parameter data
[    3.212628] sd 2:0:1:0: [sdb] Assuming drive cache: write through
[    3.233451]  sda: sda1
[    3.237612] sd 2:0:1:0: [sdb] Attached SCSI disk
[    3.242171] sd 2:0:0:0: [sda] Attached SCSI disk
Begin: Loading essential drivers ... [    5.166581] md: linear personality registered for level -1
[    5.173622] md: multipath personality registered for level -4
[    5.179242] md: raid0 personality registered for level 0
[    5.185797] md: raid1 personality registered for level 1
[    5.259278] raid6: sse2x1   gen()  7908 MB/s
[    5.327278] raid6: sse2x1   xor()  3821 MB/s
[    5.396091] raid6: sse2x2   gen()  6575 MB/s
[    5.463350] raid6: sse2x2   xor()  4219 MB/s
[    5.531667] raid6: sse2x4   gen()  7071 MB/s
[    5.599559] raid6: sse2x4   xor()  4906 MB/s
[    5.668684] raid6: avx2x1   gen()  9758 MB/s
[    5.735342] raid6: avx2x2   gen() 16100 MB/s
[    5.804109] raid6: avx2x4   gen() 14988 MB/s
[    5.805624] raid6: using algorithm avx2x2 gen() 16100 MB/s
[    5.807587] raid6: using avx2x2 recovery algorithm
[    5.810993] xor: automatically using best checksumming function:
[    5.851336]    avx       : 17733.000 MB/sec
[    5.854284] async_tx: api initialized (async)
[    5.873180] md: raid6 personality registered for level 6
[    5.874937] md: raid5 personality registered for level 5
[    5.876656] md: raid4 personality registered for level 4
[    5.885471] md: raid10 personality registered for level 10
done.
Begin: Running /scripts/init-premount ... done.
Begin: Mounting root file system ... Begin: Running /scripts/local-top ... done.
Begin: Running /scripts/local-premount ... [    5.925400] Btrfs loaded
Scanning for Btrfs filesystems
done.
Warning: fsck not present, so skipping root file system
[    5.961506] EXT4-fs (sda1): mounted filesystem with ordered data mode. Opts: (null)
done.
Begin: Running /scripts/local-bottom ... done.
Begin: Running /scripts/init-bottom ... done.
[    6.065052] systemd[1]: systemd 229 running in system mode. (+PAM +AUDIT +SELINUX +IMA +APPARMOR +SMACK +SYSVINIT +UTMP +LIBCRYPTSETUP +GCRYPT +GNUTLS +ACL +XZ -LZ4 +SECCOMP +BLKID +ELFUTILS +KMOD -IDN)
[    6.070395] systemd[1]: Detected virtualization oracle.
[    6.072287] systemd[1]: Detected architecture x86-64.

Welcome to [1mUbuntu 16.04.6 LTS[0m!

[    6.080230] systemd[1]: Set hostname to <ubuntu-xenial>.
[    6.266664] systemd[1]: Listening on LVM2 metadata daemon socket.
[[0;32m  OK  [0m] Listening on LVM2 metadata daemon socket.
[    6.270092] systemd[1]: Reached target Encrypted Volumes.
[[0;32m  OK  [0m] Reached target Encrypted Volumes.
[    6.272938] systemd[1]: Listening on /dev/initctl Compatibility Named Pipe.
[[0;32m  OK  [0m] Listening on /dev/initctl Compatibility Named Pipe.
[    6.283802] systemd[1]: Listening on Journal Socket.
[[0;32m  OK  [0m] Listening on Journal Socket.
[    6.286782] systemd[1]: Created slice User and Session Slice.
[[0;32m  OK  [0m] Created slice User and Session Slice.
[    6.290395] systemd[1]: Listening on udev Control Socket.
[[0;32m  OK  [0m] Listening on udev Control Socket.
[    6.300476] systemd[1]: Listening on LVM2 poll daemon socket.
[[0;32m  OK  [0m] Listening on LVM2 poll daemon socket.
[    6.303841] systemd[1]: Reached target User and Group Name Lookups.
[[0;32m  OK  [0m] Reached target User and Group Name Lookups.
[    6.307121] systemd[1]: Reached target Swap.
[[0;32m  OK  [0m] Reached target Swap.
[    6.315714] systemd[1]: Listening on Device-mapper event daemon FIFOs.
[[0;32m  OK  [0m] Listening on Device-mapper event daemon FIFOs.
[    6.319059] systemd[1]: Listening on udev Kernel Socket.
[[0;32m  OK  [0m] Listening on udev Kernel Socket.
[    6.321869] systemd[1]: Listening on Syslog Socket.
[[0;32m  OK  [0m] Listening on Syslog Socket.
[    6.324989] systemd[1]: Listening on Journal Audit Socket.
[[0;32m  OK  [0m] Listening on Journal Audit Socket.
[    6.327971] systemd[1]: Reached target System Time Synchronized.
[[0;32m  OK  [0m] Reached target System Time Synchronized.
[    6.331462] systemd[1]: Set up automount Arbitrary Executable File Formats File System Automount Point.
[[0;32m  OK  [0m] Set up automount Arbitrary Executab...ats File System Automount Point.
[    6.336096] systemd[1]: Listening on Journal Socket (/dev/log).
[[0;32m  OK  [0m] Listening on Journal Socket (/dev/log).
[    6.339874] systemd[1]: Started Trigger resolvconf update for networkd DNS.
[[0;32m  OK  [0m] Started Trigger resolvconf update for networkd DNS.
[    6.352114] systemd[1]: Started Forward Password Requests to Wall Directory Watch.
[[0;32m  OK  [0m] Started Forward Password Requests to Wall Directory Watch.
[    6.356341] systemd[1]: Created slice System Slice.
[[0;32m  OK  [0m] Created slice System Slice.
[    6.380457] systemd[1]: Starting Load Kernel Modules...
         Starting Load Kernel Modules...
[    6.392864] systemd[1]: Starting Remount Root and Kernel File Systems...
[    6.396017] Loading iSCSI transport class v2.0-870.
         Starting Remount Root and Kernel File Systems...
[    6.408807] systemd[1]: Starting Monitoring of LVM2 mirrors, snapshots etc. using dmeventd or progress polling...
[    6.413808] iscsi: registered transport (tcp)
         Starting Monitoring of LVM2 mirrors... dmeventd or progress polling...
[    6.419640] systemd[1]: Starting Uncomplicated firewall...
[    6.423126] EXT4-fs (sda1): re-mounted. Opts: (null)
         Starting Uncomplicated firewall...
[    6.436568] systemd[1]: Mounting Debug File System...
         Mounting Debug File System...
[    6.447531] systemd[1]: Created slice system-serial\x2dgetty.slice.
[[0;32m  OK  [0m] Created slice system-serial\x2dgetty.slice.
[    6.455233] systemd[1]: Starting Nameserver information manager...
         Starting Nameserver information manager...
[    6.472712] systemd[1]: Mounting Huge Pages File System...
         Mounting Huge Pages File System...
[    6.485942] systemd[1]: Reached target Slices.
[[0;32m  OK  [0m] Reached target Slices.
[    6.492825] systemd[1]: Mounting POSIX Message Queue File System...
         Mounting POSIX Message Queue File System...
[    6.505303] systemd[1]: Starting Create list of required static device nodes for the current kernel...
         Starting Create list of required st... nodes for the current kernel...
[    6.530141] systemd[1]: Starting Journal Service...
[    6.534295] iscsi: registered transport (iser)
         Starting Journal Service...
[    6.540746] systemd[1]: Starting Set console keymap...
         Starting Set console keymap...
[    6.556785] systemd[1]: Mounted POSIX Message Queue File System.
[[0;32m  OK  [0m] Mounted POSIX Message Queue File System.
[    6.562719] systemd[1]: Mounted Huge Pages File System.
[[0;32m  OK  [0m] Mounted Huge Pages File System.
[    6.568902] systemd[1]: Mounted Debug File System.
[[0;32m  OK  [0m] Mounted Debug File System.
[    6.574815] systemd[1]: Started Load Kernel Modules.
[[0;32m  OK  [0m] Started Load Kernel Modules.
[    6.584844] systemd[1]: Started Remount Root and Kernel File Systems.
[[0;32m  OK  [0m] Started Remount Root and Kernel File Systems.
[    6.593534] systemd[1]: Started Uncomplicated firewall.
[[0;32m  OK  [0m] Started Uncomplicated firewall.
[    6.617615] systemd[1]: Started Create list of required static device nodes for the current kernel.
[[0;32m  OK  [0m] Started Create list of required sta...ce nodes for the current kernel.
[    6.635396] systemd[1]: Started Nameserver information manager.
[[0;32m  OK  [0m] Started Nameserver information manager.
[    6.641764] systemd[1]: Started Journal Service.
[[0;32m  OK  [0m] Started Journal Service.
[[0;32m  OK  [0m] Started LVM2 metadata daemon.
[    6.744599] random: nonblocking pool is initialized
         Starting Create Static Device Nodes in /dev...
         Starting udev Coldplug all Devices...
         Starting Load/Save Random Seed...
         Starting Flush Journal to Persistent Storage...
         Starting Apply Kernel Variables...
         Mounting FUSE Control File System...
[[0;32m  OK  [0m] Started Set console keymap.
[[0;32m  OK  [0m] Started Create Static Device Nodes in /dev.
[[0;32m  OK  [0m] Started Load/Save Random Seed.
[[0;32m  OK  [0m] Started Apply Kernel Variables.
[[0;32m  OK  [0m] Mounted FUSE Control File System.
[[0;32m  OK  [0m] Started udev Coldplug all Devices.
[[0;32m  OK  [0m] Started Flush Journal to Persistent Storage.
         Starting udev Kernel Device Manager...
[[0;32m  OK  [0m] Started udev Kernel Device Manager.
[[0;32m  OK  [0m] Started Dispatch Password Requests to Console Directory Watch.
[[0;32m  OK  [0m] Found device /dev/ttyS0.
[[0;32m  OK  [0m] Listening on Load/Save RF Kill Switch Status /dev/rfkill Watch.
[[0;32m  OK  [0m] Started Monitoring of LVM2 mirrors,...ng dmeventd or progress polling.
[[0;32m  OK  [0m] Reached target Local File Systems (Pre).
[[0;32m  OK  [0m] Reached target Local File Systems.
         Starting Tell Plymouth To Write Out Runtime Data...
         Starting LSB: AppArmor initialization...
         Starting Initial cloud-init job (pre-networking)...
         Starting Set console font and keymap...
         Starting Create Volatile Files and Directories...
[[0;32m  OK  [0m] Started Tell Plymouth To Write Out Runtime Data.
[[0;32m  OK  [0m] Started Create Volatile Files and Directories.
[[0;32m  OK  [0m] Found device 82540EM Gigabit Ethern...r (PRO/1000 MT Desktop Adapter).
         Starting Update UTMP about System Boot/Shutdown...
[[0;32m  OK  [0m] Started LSB: AppArmor initialization.
[[0;32m  OK  [0m] Started Update UTMP about System Boot/Shutdown.
[[0;32m  OK  [0m] Started Set console font and keymap.
[[0;32m  OK  [0m] Created slice system-getty.slice.
[   10.036641] cloud-init[617]: Cloud-init v. 19.1-1-gbaa47854-0ubuntu1~16.04.1 running 'init-local' at Tue, 06 Aug 2019 18:34:57 +0000. Up 9.10 seconds.
[[0;32m  OK  [0m] Started Initial cloud-init job (pre-networking).
[[0;32m  OK  [0m] Reached target Network (Pre).
[[0;32m  OK  [0m] Started ifup for enp0s3.
         Starting Raise network interfaces...
[[0;32m  OK  [0m] Started Raise network interfaces.
[[0;32m  OK  [0m] Reached target Network.
         Starting Initial cloud-init job (metadata service crawler)...
[   11.783199] cloud-init[973]: Cloud-init v. 19.1-1-gbaa47854-0ubuntu1~16.04.1 running 'init' at Tue, 06 Aug 2019 18:34:59 +0000. Up 11.23 seconds.
[   11.792509] cloud-init[973]: ci-info: ++++++++++++++++++++++++++++++++++++++Net device info++++++++++++++++++++++++++++++++++++++
[   11.794707] cloud-init[973]: ci-info: +--------+------+----------------------------+---------------+--------+-------------------+
[   11.797367] cloud-init[973]: ci-info: | Device |  Up  |          Address           |      Mask     | Scope  |     Hw-Address    |
[   11.799374] cloud-init[973]: ci-info: +--------+------+----------------------------+---------------+--------+-------------------+
[   11.801743] cloud-init[973]: ci-info: | enp0s3 | True |         10.0.2.15          | 255.255.255.0 | global | 02:1e:e5:6d:71:21 |
[   11.804220] cloud-init[973]: ci-info: | enp0s3 | True | fe80::1e:e5ff:fe6d:7121/64 |       .       |  link  | 02:1e:e5:6d:71:21 |
[   11.806130] cloud-init[973]: ci-info: |   lo   | True |         127.0.0.1          |   255.0.0.0   |  host  |         .         |
[   11.808534] cloud-init[973]: ci-info: |   lo   | True |          ::1/128           |       .       |  host  |         .         |
[   11.810652] cloud-init[973]: ci-info: +--------+------+----------------------------+---------------+--------+-------------------+
[   11.812808] cloud-init[973]: ci-info: +++++++++++++++++++++++++++Route IPv4 info++++++++++++++++++++++++++++
[   11.814713] cloud-init[973]: ci-info: +-------+-------------+----------+---------------+-----------+-------+
[   11.816765] cloud-init[973]: ci-info: | Route | Destination | Gateway  |    Genmask    | Interface | Flags |
[   11.824980] cloud-init[973]: ci-info: +-------+-------------+----------+---------------+-----------+-------+
[   11.832737] cloud-init[973]: ci-info: |   0   |   0.0.0.0   | 10.0.2.2 |    0.0.0.0    |   enp0s3  |   UG  |
[   11.834158] cloud-init[973]: ci-info: |   1   |   10.0.2.0  | 0.0.0.0  | 255.255.255.0 |   enp0s3  |   U   |
[   11.836206] cloud-init[973]: ci-info: +-------+-------------+----------+---------------+-----------+-------+
[   11.838317] cloud-init[973]: ci-info: +++++++++++++++++++Route IPv6 info+++++++++++++++++++
[   11.840252] cloud-init[973]: ci-info: +-------+-------------+---------+-----------+-------+
[   11.842433] cloud-init[973]: ci-info: | Route | Destination | Gateway | Interface | Flags |
[   11.844634] cloud-init[973]: ci-info: +-------+-------------+---------+-----------+-------+
[   11.846557] cloud-init[973]: ci-info: |   0   |  fe80::/64  |    ::   |   enp0s3  |   U   |
[   11.848765] cloud-init[973]: ci-info: |   3   |   ff00::/8  |    ::   |   enp0s3  |   U   |
[   11.850740] cloud-init[973]: ci-info: +-------+-------------+---------+-----------+-------+
[[0;32m  OK  [0m] Started Initial cloud-init job (metadata service crawler).
[[0;32m  OK  [0m] Reached target Cloud-config availability.
[[0;32m  OK  [0m] Reached target Network is Online.
         Starting iSCSI initiator daemon (iscsid)...
[[0;32m  OK  [0m] Reached target System Initialization.
[[0;32m  OK  [0m] Listening on D-Bus System Message Bus Socket.
[[0;32m  OK  [0m] Started ACPI Events Check.
[[0;32m  OK  [0m] Reached target Paths.
[[0;32m  OK  [0m] Started Daily apt download activities.
[[0;32m  OK  [0m] Started Daily apt upgrade and clean activities.
[[0;32m  OK  [0m] Listening on UUID daemon activation socket.
[[0;32m  OK  [0m] Listening on ACPID Listen Socket.
         Starting LXD - unix socket.
         Starting Socket activation for snappy daemon.
[[0;32m  OK  [0m] Started Daily Cleanup of Temporary Directories.
[[0;32m  OK  [0m] Reached target Timers.
[[0;32m  OK  [0m] Listening on LXD - unix socket.
[[0;32m  OK  [0m] Listening on Socket activation for snappy daemon.
[[0;32m  OK  [0m] Started iSCSI initiator daemon (iscsid).
         Starting Login to default iSCSI targets...
[[0;32m  OK  [0m] Reached target Sockets.
[[0;32m  OK  [0m] Reached target Basic System.
         Starting Virtualbox guest utils...
         Starting LXD - container startup/shutdown...
[[0;32m  OK  [0m] Started ACPI event daemon.
         Starting /etc/rc.local Compatibility...
         Starting LSB: MD monitoring daemon...
         Starting LSB: Record successful boot for GRUB...
         Starting Login Service...
[[0;32m  OK  [0m] Started Deferred execution scheduler.
[[0;32m  OK  [0m] Started D-Bus System Message Bus.
         Starting Accounts Service...
[[0;32m  OK  [0m] Started FUSE filesystem for LXC.
         Starting System Logging Service...
         Starting Snappy daemon...
[[0;32m  OK  [0m] Started Regular background program processing daemon.
         Starting OpenBSD Secure Shell server...
[[0;32m  OK  [0m] Started /etc/rc.local Compatibility.
[[0;32m  OK  [0m] Started LXD - container startup/shutdown.
[[0;32m  OK  [0m] Started System Logging Service.
[[0;32m  OK  [0m] Started Login to default iSCSI targets.
[[0;32m  OK  [0m] Started OpenBSD Secure Shell server.
[[0;32m  OK  [0m] Started LSB: MD monitoring daemon.
[[0;32m  OK  [0m] Started LSB: Record successful boot for GRUB.
[[0;32m  OK  [0m] Started Login Service.
[[0;32m  OK  [0m] Started Unattended Upgrades Shutdown.
         Starting Authenticate and Authorize Users to Run Privileged Tasks...
[[0;32m  OK  [0m] Reached target Remote File Systems (Pre).
[[0;32m  OK  [0m] Reached target Remote File Systems.
         Starting LSB: Set the CPU Frequency Scaling governor to "ondemand"...
         Starting LSB: daemon to balance interrupts for SMP systems...
         Starting Permit User Sessions...
         Starting LSB: automatic crash report generation...
[[0;32m  OK  [0m] Started Snappy daemon.
[[0;32m  OK  [0m] Started Permit User Sessions.
[[0;32m  OK  [0m] Started Virtualbox guest utils.
[[0;32m  OK  [0m] Started Authenticate and Authorize Users to Run Privileged Tasks.
         Starting Terminate Plymouth Boot Screen...
         Starting Hold until boot process finishes up...
         Starting Wait until snapd is fully seeded...
[[0;32m  OK  [0m] Started LSB: Set the CPU Frequency Scaling governor to "ondemand".
[[0;32m  OK  [0m] Started LSB: daemon to balance interrupts for SMP systems.
[[0;32m  OK  [0m] Started LSB: automatic crash report generation.
[[0;32m  OK  [0m] Started Terminate Plymouth Boot Screen.
[[0;32m  OK  [0m] Started Hold until boot process finishes up.
[[0;32m  OK  [0m] Started Wait until snapd is fully seeded.
[[0;32m  OK  [0m] Started Accounts Service.
         Starting Apply the settings specified in cloud-config...
[[0;32m  OK  [0m] Started Getty on tty1.
[[0;32m  OK  [0m] Started Serial Getty on ttyS0.
[[0;32m  OK  [0m] Reached target Login Prompts.
         Starting Set console scheme...
[[0;32m  OK  [0m] Reached target Multi-User System.
[[0;32m  OK  [0m] Reached target Graphical Interface.
         Starting Update UTMP about System Runlevel Changes...
[[0;32m  OK  [0m] Started Set console scheme.
[[0;32m  OK  [0m] Started Update UTMP about System Runlevel Changes.
[[0;32m  OK  [0m] Created slice User Slice of vagrant.
         Starting User Manager for UID 1000...
[[0;32m  OK  [0m] Started Session 1 of user vagrant.
[[0;32m  OK  [0m] Started User Manager for UID 1000.
[   13.667307] cloud-init[1233]: Cloud-init v. 19.1-1-gbaa47854-0ubuntu1~16.04.1 running 'modules:config' at Tue, 06 Aug 2019 18:35:01 +0000. Up 13.44 seconds.
[[0;32m  OK  [0m] Started Apply the settings specified in cloud-config.
         Starting Execute cloud user/final scripts...
[   14.636499] cloud-init[1323]: Cloud-init v. 19.1-1-gbaa47854-0ubuntu1~16.04.1 running 'modules:final' at Tue, 06 Aug 2019 18:35:02 +0000. Up 14.44 seconds.
[   14.639256] cloud-init[1323]: Cloud-init v. 19.1-1-gbaa47854-0ubuntu1~16.04.1 finished at Tue, 06 Aug 2019 18:35:02 +0000. Datasource DataSourceNoCloud [seed=/dev/sdb][dsmode=net].  Up 14.62 seconds
[[0;32m  OK  [0m] Started Execute cloud user/final scripts.
[[0;32m  OK  [0m] Reached target Cloud-init target.

Ubuntu 16.04.6 LTS ubuntu-xenial ttyS0

ubuntu-xenial login: 